e:\visual_studio\repos\snake\snake\debug\vc142.pdb
e:\visual_studio\repos\snake\snake\debug\vc142.idb
e:\visual_studio\repos\snake\snake\debug\snake.nativecodeanalysis.sarif
e:\visual_studio\repos\snake\snake\debug\snake.nativecodeanalysis.xml
e:\visual_studio\repos\snake\snake\debug\main.nativecodeanalysis.sarif
e:\visual_studio\repos\snake\snake\debug\main.nativecodeanalysis.xml
e:\visual_studio\repos\snake\snake\debug\game.nativecodeanalysis.sarif
e:\visual_studio\repos\snake\snake\debug\game.nativecodeanalysis.xml
e:\visual_studio\repos\snake\snake\debug\game.obj
e:\visual_studio\repos\snake\snake\debug\main.obj
e:\visual_studio\repos\snake\snake\debug\snake.obj
e:\visual_studio\repos\snake\debug\snake.ilk
e:\visual_studio\repos\snake\debug\snake.exe
e:\visual_studio\repos\snake\debug\snake.pdb
e:\visual_studio\repos\snake\snake\debug\vc.nativecodeanalysis.all.xml
e:\visual_studio\repos\snake\snake\debug\snake.tlog\cl.command.1.tlog
e:\visual_studio\repos\snake\snake\debug\snake.tlog\cl.read.1.tlog
e:\visual_studio\repos\snake\snake\debug\snake.tlog\cl.write.1.tlog
e:\visual_studio\repos\snake\snake\debug\snake.tlog\link.command.1.tlog
e:\visual_studio\repos\snake\snake\debug\snake.tlog\link.read.1.tlog
e:\visual_studio\repos\snake\snake\debug\snake.tlog\link.write.1.tlog
